Removed Pin From Net: NetName=D1_G Pin=J7-25
Removed Pin From Net: NetName=D1_C Pin=J7-26
Removed Pin From Net: NetName=D1_DP Pin=J7-27
Removed Pin From Net: NetName=D1_D Pin=J7-28
Removed Pin From Net: NetName=D1_E Pin=J7-29
Removed Pin From Net: NetName=D1_A Pin=J7-30
Removed Pin From Net: NetName=D1_F Pin=J7-31
Removed Pin From Net: NetName=D1_B Pin=J7-32
Added Pin To Net: NetName=D1_D Pin=J7-25
Added Pin To Net: NetName=D1_DP Pin=J7-26
Added Pin To Net: NetName=D1_C Pin=J7-27
Added Pin To Net: NetName=D1_G Pin=J7-28
Added Pin To Net: NetName=D1_B Pin=J7-29
Added Pin To Net: NetName=D1_F Pin=J7-30
Added Pin To Net: NetName=D1_A Pin=J7-31
Added Pin To Net: NetName=D1_E Pin=J7-32
Added Room: Name=S1_Connections
Added Room: Name=S2_UserInterface
Added Room: Name=S3_Arduino
Added Room: Name=S4_MotorDriver
