Removed Pin From Net: NetName=+5 Pin=C10-1
Removed Pin From Net: NetName=GND Pin=C10-2
Removed Pin From Net: NetName=+5 Pin=C11-1
Removed Pin From Net: NetName=GND Pin=C11-2
Removed Pin From Net: NetName=Vmot Pin=D1-1
Removed Pin From Net: NetName=VM- Pin=D1-2
Removed Pin From Net: NetName=Vmot Pin=D2-1
Removed Pin From Net: NetName=VM+ Pin=D2-2
Removed Pin From Net: NetName=VM- Pin=D3-1
Removed Pin From Net: NetName=GND Pin=D3-2
Removed Pin From Net: NetName=VM+ Pin=D4-1
Removed Pin From Net: NetName=GND Pin=D4-2
Removed Pin From Net: NetName=+5 Pin=J3-5V
Removed Pin From Net: NetName=+5 Pin=J3-5V
Removed Pin From Net: NetName=+5 Pin=J3-5V
Removed Pin From Net: NetName=SW_1 Pin=J3-7
Removed Pin From Net: NetName=SW_2 Pin=J3-8
Removed Pin From Net: NetName=SW_3 Pin=J3-9
Removed Pin From Net: NetName=SW_4 Pin=J3-10
Removed Pin From Net: NetName=SW_5 Pin=J3-11
Removed Pin From Net: NetName=SW_6 Pin=J3-12
Removed Pin From Net: NetName=Vin_sens Pin=J3-A0
Removed Pin From Net: NetName=Vmot_sens Pin=J3-A1
Removed Pin From Net: NetName=+5 Pin=R1-1
Removed Pin From Net: NetName=NetC4_1 Pin=R1-2
Removed Pin From Net: NetName=NetC4_1 Pin=R3-1
Removed Pin From Net: NetName=SW_1 Pin=R3-2
Removed Pin From Net: NetName=+5 Pin=R14-1
Removed Pin From Net: NetName=NetC5_1 Pin=R14-2
Removed Pin From Net: NetName=NetC5_1 Pin=R16-1
Removed Pin From Net: NetName=SW_2 Pin=R16-2
Removed Pin From Net: NetName=+5 Pin=R17-1
Removed Pin From Net: NetName=NetC6_1 Pin=R17-2
Removed Pin From Net: NetName=NetC6_1 Pin=R19-1
Removed Pin From Net: NetName=SW_3 Pin=R19-2
Removed Pin From Net: NetName=NetC7_1 Pin=R30-2
Removed Pin From Net: NetName=NetC7_1 Pin=R32-1
Removed Pin From Net: NetName=SW_4 Pin=R32-2
Removed Pin From Net: NetName=+5 Pin=R33-1
Removed Pin From Net: NetName=NetC8_1 Pin=R33-2
Removed Pin From Net: NetName=+5 Pin=R34-1
Removed Pin From Net: NetName=NetC9_1 Pin=R34-2
Removed Pin From Net: NetName=NetC8_1 Pin=R35-1
Removed Pin From Net: NetName=SW_5 Pin=R35-2
Removed Pin From Net: NetName=NetC9_1 Pin=R36-1
Removed Pin From Net: NetName=SW_6 Pin=R36-2
Removed Pin From Net: NetName=GND Pin=R48-1
Removed Pin From Net: NetName=GND Pin=R49-1
Removed Pin From Net: NetName=VM- Pin=U5-2
Removed Pin From Net: NetName=VM+ Pin=U5-3
Removed Pin From Net: NetName=Vmot Pin=U5-4
Removed Pin From Net: NetName=M2 Pin=U5-5
Removed Pin From Net: NetName=ME Pin=U5-6
Removed Pin From Net: NetName=M1 Pin=U5-7
Removed Pin From Net: NetName=GND Pin=U5-8
Removed Pin From Net: NetName=+5 Pin=U5-9
Removed Pin From Net: NetName=M1 Pin=U5-10
Removed Pin From Net: NetName=ME Pin=U5-11
Removed Pin From Net: NetName=M2 Pin=U5-12
Removed Pin From Net: NetName=VM+ Pin=U5-13
Removed Pin From Net: NetName=VM- Pin=U5-14
Removed Pin From Net: NetName=VM- Pin=U6-2
Removed Pin From Net: NetName=VM+ Pin=U6-3
Removed Pin From Net: NetName=Vmot Pin=U6-4
Removed Pin From Net: NetName=M2 Pin=U6-5
Removed Pin From Net: NetName=ME Pin=U6-6
Removed Pin From Net: NetName=M1 Pin=U6-7
Removed Pin From Net: NetName=GND Pin=U6-8
Removed Pin From Net: NetName=+5 Pin=U6-9
Removed Pin From Net: NetName=M1 Pin=U6-10
Removed Pin From Net: NetName=ME Pin=U6-11
Removed Pin From Net: NetName=M2 Pin=U6-12
Removed Pin From Net: NetName=VM+ Pin=U6-13
Removed Pin From Net: NetName=VM- Pin=U6-14
Removed Member From Class: ClassName=S2_UserInterface Member=C4
Removed Member From Class: ClassName=S2_UserInterface Member=C5
Removed Member From Class: ClassName=S2_UserInterface Member=C6
Removed Member From Class: ClassName=S2_UserInterface Member=C7
Removed Member From Class: ClassName=S2_UserInterface Member=C8
Removed Member From Class: ClassName=S2_UserInterface Member=C9
Removed Member From Class: ClassName=S4_MotorDriver Member=D1
Removed Member From Class: ClassName=S4_MotorDriver Member=D2
Removed Member From Class: ClassName=S4_MotorDriver Member=D3
Removed Member From Class: ClassName=S4_MotorDriver Member=D4
Removed Member From Class: ClassName=S1_Connections Member=JUS2
Removed Member From Class: ClassName=S1_Connections Member=JUS3
Removed Member From Class: ClassName=S2_UserInterface Member=R25
Removed Member From Class: ClassName=S2_UserInterface Member=R26
Removed Member From Class: ClassName=S2_UserInterface Member=R27
Removed Member From Class: ClassName=S2_UserInterface Member=R28
Removed Member From Class: ClassName=S2_UserInterface Member=R29
Removed Member From Class: ClassName=S2_UserInterface Member=R30
Removed Member From Class: ClassName=S2_UserInterface Member=R31
Removed Member From Class: ClassName=S2_UserInterface Member=R32
Removed Member From Class: ClassName=S2_UserInterface Member=R33
Removed Member From Class: ClassName=S2_UserInterface Member=R34
Removed Member From Class: ClassName=S2_UserInterface Member=R35
Removed Member From Class: ClassName=S2_UserInterface Member=R36
Removed Member From Class: ClassName=S2_UserInterface Member=SW1
Removed Member From Class: ClassName=S2_UserInterface Member=SW2
Removed Member From Class: ClassName=S2_UserInterface Member=SW3
Removed Member From Class: ClassName=S2_UserInterface Member=SW4
Removed Member From Class: ClassName=S2_UserInterface Member=SW5
Removed Member From Class: ClassName=S2_UserInterface Member=SW6
Removed Member From Class: ClassName=S4_MotorDriver Member=U5
Removed Member From Class: ClassName=S4_MotorDriver Member=U6
Change Component Footprint: Designator=C10 Old Footprint=CERAMIC CAP 5MM New Footprint=CAPC1206(3216)130_M
Change Component Footprint: Designator=C11 Old Footprint=CERAMIC CAP 5MM New Footprint=CAPC1206(3216)130_M
Change Component Footprint: Designator=R48 Old Footprint=RESA90-1450X520 New Footprint=AXIAL-0.3
Change Component Footprint: Designator=R49 Old Footprint=RESA90-1450X520 New Footprint=AXIAL-0.3
Change Component Comment : Designator=C10 Old Comment=0.1u New Comment=CAP 1uF 6.3V 1206(3216)
Change Component Comment : Designator=C11 Old Comment=0.1u New Comment=CAP 1uF 25V 1206(3216)
Change Component Comment : Designator=R48 Old Comment=13FR025E New Comment=Res1
Change Component Comment : Designator=R49 Old Comment=13FR025E New Comment=Res1
Change Component Designator: OldDesignator=J1 NewDesignator=J3
Change Component Designator: OldDesignator=J2 NewDesignator=J4
Change Component Designator: OldDesignator=J3 NewDesignator=J7
Change Component Designator: OldDesignator=JUS1 NewDesignator=J6
Change Component Designator: OldDesignator=JUS2 NewDesignator=J1
Change Component Designator: OldDesignator=JUS3 NewDesignator=J2
Change Component Designator: OldDesignator=P2 NewDesignator=P3
Change Component Designator: OldDesignator=P3 NewDesignator=P2
Change Component Designator: OldDesignator=R2 NewDesignator=R1
Change Component Designator: OldDesignator=R4 NewDesignator=R3
Change Component Designator: OldDesignator=R5 NewDesignator=R2
Change Component Designator: OldDesignator=R6 NewDesignator=R4
Change Component Designator: OldDesignator=R7 NewDesignator=R5
Change Component Designator: OldDesignator=R8 NewDesignator=R6
Change Component Designator: OldDesignator=R9 NewDesignator=R7
Change Component Designator: OldDesignator=R10 NewDesignator=R8
Change Component Designator: OldDesignator=R11 NewDesignator=R9
Change Component Designator: OldDesignator=R12 NewDesignator=R10
Change Component Designator: OldDesignator=R13 NewDesignator=R11
Change Component Designator: OldDesignator=R15 NewDesignator=R12
Change Component Designator: OldDesignator=R18 NewDesignator=R13
Change Component Designator: OldDesignator=R20 NewDesignator=R14
Change Component Designator: OldDesignator=R21 NewDesignator=R15
Change Component Designator: OldDesignator=R22 NewDesignator=R16
Change Component Designator: OldDesignator=R23 NewDesignator=R17
Change Component Designator: OldDesignator=R24 NewDesignator=R18
Change Component Designator: OldDesignator=R25 NewDesignator=R19
Change Component Designator: OldDesignator=R26 NewDesignator=R20
Change Component Designator: OldDesignator=R27 NewDesignator=R21
Change Component Designator: OldDesignator=R28 NewDesignator=R22
Change Component Designator: OldDesignator=R29 NewDesignator=R23
Change Component Designator: OldDesignator=R31 NewDesignator=R24
Change Component Designator: OldDesignator=R37 NewDesignator=R32
Change Component Designator: OldDesignator=R38 NewDesignator=R33
Change Component Designator: OldDesignator=R39 NewDesignator=R26
Change Component Designator: OldDesignator=R40 NewDesignator=R34
Change Component Designator: OldDesignator=R41 NewDesignator=R35
Change Component Designator: OldDesignator=R42 NewDesignator=R28
Change Component Designator: OldDesignator=R43 NewDesignator=R37
Change Component Designator: OldDesignator=R44 NewDesignator=R38
Change Component Designator: OldDesignator=R45 NewDesignator=R29
Change Component Designator: OldDesignator=R46 NewDesignator=R40
Change Component Designator: OldDesignator=R47 NewDesignator=R41
Change component parameters: Designator = "R36"; Footprint = "AXIAL-0.3"; UniqueID = "\CDGJYDXR"
Change component parameters. Clean all parameters for all variants
Change component parameters (AddParameter): Name = "LatestRevisionDate"; Value = "17-Jul-2002"; VariantName = "[No Variations]"
Change component parameters (AddParameter): Name = "LatestRevisionNote"; Value = "Re-released for DXP Platform."; VariantName = "[No Variations]"
Change component parameters (AddParameter): Name = "PackageDescription"; Value = "Axial Device, Thru-Hole; 2 Leads; 0.3 in Pin Spacing"; VariantName = "[No Variations]"
Change component parameters (AddParameter): Name = "PackageReference"; Value = "AXIAL-0.3"; VariantName = "[No Variations]"
Change component parameters (AddParameter): Name = "Published"; Value = "8-Jun-2000"; VariantName = "[No Variations]"
Change component parameters (AddParameter): Name = "Publisher"; Value = "Altium Limited"; VariantName = "[No Variations]"
Change component parameters (AddParameter): Name = "Value"; Value = "10K"; VariantName = "[No Variations]"
Change component parameters: Designator = "C10"; Footprint = "CAPC1206(3216)130_M"; UniqueID = "\BHTXQDFP"
Change component parameters. Clean all parameters for all variants
Change component parameters (AddParameter): Name = "Case-EIA"; Value = "1206"; VariantName = "[No Variations]"
Change component parameters (AddParameter): Name = "Case-Metric"; Value = "3216"; VariantName = "[No Variations]"
Change component parameters (AddParameter): Name = "Max Thickness"; Value = "1.2 mm"; VariantName = "[No Variations]"
Change component parameters (AddParameter): Name = "Rated Voltage"; Value = "6.3 V"; VariantName = "[No Variations]"
Change component parameters (AddParameter): Name = "Technology"; Value = "SMT"; VariantName = "[No Variations]"
Change component parameters (AddParameter): Name = "Tolerance"; Value = "±20%"; VariantName = "[No Variations]"
Change component parameters (AddParameter): Name = "Value"; Value = "1uF"; VariantName = "[No Variations]"
Change component parameters: Designator = "C11"; Footprint = "CAPC1206(3216)130_M"; UniqueID = "\UOKPNPPL"
Change component parameters. Clean all parameters for all variants
Change component parameters (AddParameter): Name = "Case-EIA"; Value = "1206"; VariantName = "[No Variations]"
Change component parameters (AddParameter): Name = "Case-Metric"; Value = "3216"; VariantName = "[No Variations]"
Change component parameters (AddParameter): Name = "Max Thickness"; Value = "1.3 mm"; VariantName = "[No Variations]"
Change component parameters (AddParameter): Name = "Rated Voltage"; Value = "25 V"; VariantName = "[No Variations]"
Change component parameters (AddParameter): Name = "Technology"; Value = "SMT"; VariantName = "[No Variations]"
Change component parameters (AddParameter): Name = "Tolerance"; Value = "±10%"; VariantName = "[No Variations]"
Change component parameters (AddParameter): Name = "Value"; Value = "1uF"; VariantName = "[No Variations]"
Change component parameters: Designator = "R48"; Footprint = "AXIAL-0.3"; UniqueID = "\NLEIMEJJ"
Change component parameters. Clean all parameters for all variants
Change component parameters (AddParameter): Name = "LatestRevisionDate"; Value = "17-Jul-2002"; VariantName = "[No Variations]"
Change component parameters (AddParameter): Name = "LatestRevisionNote"; Value = "Re-released for DXP Platform."; VariantName = "[No Variations]"
Change component parameters (AddParameter): Name = "PackageDescription"; Value = "Axial Device, Thru-Hole; 2 Leads; 0.3 in Pin Spacing"; VariantName = "[No Variations]"
Change component parameters (AddParameter): Name = "PackageReference"; Value = "AXIAL-0.3"; VariantName = "[No Variations]"
Change component parameters (AddParameter): Name = "Published"; Value = "8-Jun-2000"; VariantName = "[No Variations]"
Change component parameters (AddParameter): Name = "Publisher"; Value = "Altium Limited"; VariantName = "[No Variations]"
Change component parameters (AddParameter): Name = "Value"; Value = "10K"; VariantName = "[No Variations]"
Change component parameters: Designator = "R49"; Footprint = "AXIAL-0.3"; UniqueID = "\XKERYIOW"
Change component parameters. Clean all parameters for all variants
Change component parameters (AddParameter): Name = "LatestRevisionDate"; Value = "17-Jul-2002"; VariantName = "[No Variations]"
Change component parameters (AddParameter): Name = "LatestRevisionNote"; Value = "Re-released for DXP Platform."; VariantName = "[No Variations]"
Change component parameters (AddParameter): Name = "PackageDescription"; Value = "Axial Device, Thru-Hole; 2 Leads; 0.3 in Pin Spacing"; VariantName = "[No Variations]"
Change component parameters (AddParameter): Name = "PackageReference"; Value = "AXIAL-0.3"; VariantName = "[No Variations]"
Change component parameters (AddParameter): Name = "Published"; Value = "8-Jun-2000"; VariantName = "[No Variations]"
Change component parameters (AddParameter): Name = "Publisher"; Value = "Altium Limited"; VariantName = "[No Variations]"
Change component parameters (AddParameter): Name = "Value"; Value = "DNP"; VariantName = "[No Variations]"
Added Component: Designator=C12(CAPC1206(3216)130_L)
Add component. Clean all parameters for all variants
Add component (AddParameter): Name = "Case-EIA"; Value = "1206"; VariantName = "[No Variations]"
Add component (AddParameter): Name = "Case-Metric"; Value = "3216"; VariantName = "[No Variations]"
Add component (AddParameter): Name = "Max Thickness"; Value = "1.2 mm"; VariantName = "[No Variations]"
Add component (AddParameter): Name = "Rated Voltage"; Value = "50 V"; VariantName = "[No Variations]"
Add component (AddParameter): Name = "Technology"; Value = "SMT"; VariantName = "[No Variations]"
Add component (AddParameter): Name = "Tolerance"; Value = "±20%"; VariantName = "[No Variations]"
Add component (AddParameter): Name = "Value"; Value = "47nF"; VariantName = "[No Variations]"
Added Component: Designator=C13(CAPC1206(3216)130_L)
Add component. Clean all parameters for all variants
Add component (AddParameter): Name = "Case-EIA"; Value = "1206"; VariantName = "[No Variations]"
Add component (AddParameter): Name = "Case-Metric"; Value = "3216"; VariantName = "[No Variations]"
Add component (AddParameter): Name = "Max Thickness"; Value = "1.2 mm"; VariantName = "[No Variations]"
Add component (AddParameter): Name = "Rated Voltage"; Value = "50 V"; VariantName = "[No Variations]"
Add component (AddParameter): Name = "Technology"; Value = "SMT"; VariantName = "[No Variations]"
Add component (AddParameter): Name = "Tolerance"; Value = "±20%"; VariantName = "[No Variations]"
Add component (AddParameter): Name = "Value"; Value = "47nF"; VariantName = "[No Variations]"
Added Component: Designator=J5(FCI-10033526-N3212LF_V)
Add component. Clean all parameters for all variants
Add component (AddParameter): Name = "Brand"; Value = "FCI"; VariantName = "[No Variations]"
Add component (AddParameter): Name = "Color"; Value = "Black"; VariantName = "[No Variations]"
Add component (AddParameter): Name = "ComponentLink1Description"; Value = "Manufacturer URL"; VariantName = "[No Variations]"
Add component (AddParameter): Name = "ComponentLink1URL"; Value = "http://portal.fciconnect.com/"; VariantName = "[No Variations]"
Add component (AddParameter): Name = "ComponentLink2Description"; Value = "Datasheet"; VariantName = "[No Variations]"
Add component (AddParameter): Name = "ComponentLink2URL"; Value = "http://portal.fciconnect.com/Comergent//fci/drawing/10033526.pdf"; VariantName = "[No Variations]"
Add component (AddParameter): Name = "Connector Type"; Value = "Mini USB Type B Receptacle"; VariantName = "[No Variations]"
Add component (AddParameter): Name = "Contact Material"; Value = "Copper Alloy"; VariantName = "[No Variations]"
Add component (AddParameter): Name = "Contact Plating"; Value = "Gold"; VariantName = "[No Variations]"
Add component (AddParameter): Name = "DatasheetVersion"; Value = "Rev. N"; VariantName = "[No Variations]"
Add component (AddParameter): Name = "Factory Pack Quantity"; Value = "750"; VariantName = "[No Variations]"
Add component (AddParameter): Name = "Flammability Rating"; Value = "UL 94 V-0"; VariantName = "[No Variations]"
Add component (AddParameter): Name = "Gender"; Value = "Female"; VariantName = "[No Variations]"
Add component (AddParameter): Name = "Insulation Resistance"; Value = "100 MOhms"; VariantName = "[No Variations]"
Add component (AddParameter): Name = "Manufacturer"; Value = "FCI"; VariantName = "[No Variations]"
Add component (AddParameter): Name = "Mounting Angle"; Value = "Right"; VariantName = "[No Variations]"
Add component (AddParameter): Name = "Mounting Technology"; Value = "Surface Mount"; VariantName = "[No Variations]"
Add component (AddParameter): Name = "Number of Contacts"; Value = "5 Contact"; VariantName = "[No Variations]"
Add component (AddParameter): Name = "Number of Ports"; Value = "1 Port"; VariantName = "[No Variations]"
Add component (AddParameter): Name = "PackageDescription"; Value = "5-Pin Surface Mount Device, Body 9.2 x 7.7 mm, Pitch 0.8 mm"; VariantName = "[No Variations]"
Add component (AddParameter): Name = "Packaging"; Value = "Reel"; VariantName = "[No Variations]"
Add component (AddParameter): Name = "PartNumber"; Value = "10033526-N3212LF"; VariantName = "[No Variations]"
Add component (AddParameter): Name = "Product"; Value = "Mini USB Type B Connectors"; VariantName = "[No Variations]"
Add component (AddParameter): Name = "Product Category"; Value = "USB Connectors"; VariantName = "[No Variations]"
Add component (AddParameter): Name = "RoHS"; Value = "Details"; VariantName = "[No Variations]"
Add component (AddParameter): Name = "Shell Plating"; Value = "Nickel"; VariantName = "[No Variations]"
Add component (AddParameter): Name = "Standard"; Value = "USB"; VariantName = "[No Variations]"
Add component (AddParameter): Name = "Termination Style"; Value = "Solder Pad"; VariantName = "[No Variations]"
Added Component: Designator=R25(AXIAL-0.3)
Add component. Clean all parameters for all variants
Add component (AddParameter): Name = "LatestRevisionDate"; Value = "17-Jul-2002"; VariantName = "[No Variations]"
Add component (AddParameter): Name = "LatestRevisionNote"; Value = "Re-released for DXP Platform."; VariantName = "[No Variations]"
Add component (AddParameter): Name = "PackageDescription"; Value = "Axial Device, Thru-Hole; 2 Leads; 0.3 in Pin Spacing"; VariantName = "[No Variations]"
Add component (AddParameter): Name = "PackageReference"; Value = "AXIAL-0.3"; VariantName = "[No Variations]"
Add component (AddParameter): Name = "Published"; Value = "8-Jun-2000"; VariantName = "[No Variations]"
Add component (AddParameter): Name = "Publisher"; Value = "Altium Limited"; VariantName = "[No Variations]"
Add component (AddParameter): Name = "Value"; Value = "10K"; VariantName = "[No Variations]"
Added Component: Designator=R27(AXIAL-0.3)
Add component. Clean all parameters for all variants
Add component (AddParameter): Name = "LatestRevisionDate"; Value = "17-Jul-2002"; VariantName = "[No Variations]"
Add component (AddParameter): Name = "LatestRevisionNote"; Value = "Re-released for DXP Platform."; VariantName = "[No Variations]"
Add component (AddParameter): Name = "PackageDescription"; Value = "Axial Device, Thru-Hole; 2 Leads; 0.3 in Pin Spacing"; VariantName = "[No Variations]"
Add component (AddParameter): Name = "PackageReference"; Value = "AXIAL-0.3"; VariantName = "[No Variations]"
Add component (AddParameter): Name = "Published"; Value = "8-Jun-2000"; VariantName = "[No Variations]"
Add component (AddParameter): Name = "Publisher"; Value = "Altium Limited"; VariantName = "[No Variations]"
Add component (AddParameter): Name = "Value"; Value = "100R"; VariantName = "[No Variations]"
Added Component: Designator=R31(AXIAL-0.3)
Add component. Clean all parameters for all variants
Add component (AddParameter): Name = "LatestRevisionDate"; Value = "17-Jul-2002"; VariantName = "[No Variations]"
Add component (AddParameter): Name = "LatestRevisionNote"; Value = "Re-released for DXP Platform."; VariantName = "[No Variations]"
Add component (AddParameter): Name = "PackageDescription"; Value = "Axial Device, Thru-Hole; 2 Leads; 0.3 in Pin Spacing"; VariantName = "[No Variations]"
Add component (AddParameter): Name = "PackageReference"; Value = "AXIAL-0.3"; VariantName = "[No Variations]"
Add component (AddParameter): Name = "Published"; Value = "8-Jun-2000"; VariantName = "[No Variations]"
Add component (AddParameter): Name = "Publisher"; Value = "Altium Limited"; VariantName = "[No Variations]"
Add component (AddParameter): Name = "Value"; Value = "100R"; VariantName = "[No Variations]"
Added Component: Designator=R39(AXIAL-0.3)
Add component. Clean all parameters for all variants
Add component (AddParameter): Name = "LatestRevisionDate"; Value = "17-Jul-2002"; VariantName = "[No Variations]"
Add component (AddParameter): Name = "LatestRevisionNote"; Value = "Re-released for DXP Platform."; VariantName = "[No Variations]"
Add component (AddParameter): Name = "PackageDescription"; Value = "Axial Device, Thru-Hole; 2 Leads; 0.3 in Pin Spacing"; VariantName = "[No Variations]"
Add component (AddParameter): Name = "PackageReference"; Value = "AXIAL-0.3"; VariantName = "[No Variations]"
Add component (AddParameter): Name = "Published"; Value = "8-Jun-2000"; VariantName = "[No Variations]"
Add component (AddParameter): Name = "Publisher"; Value = "Altium Limited"; VariantName = "[No Variations]"
Add component (AddParameter): Name = "Value"; Value = "100R"; VariantName = "[No Variations]"
Added Component: Designator=R42(AXIAL-0.3)
Add component. Clean all parameters for all variants
Add component (AddParameter): Name = "LatestRevisionDate"; Value = "17-Jul-2002"; VariantName = "[No Variations]"
Add component (AddParameter): Name = "LatestRevisionNote"; Value = "Re-released for DXP Platform."; VariantName = "[No Variations]"
Add component (AddParameter): Name = "PackageDescription"; Value = "Axial Device, Thru-Hole; 2 Leads; 0.3 in Pin Spacing"; VariantName = "[No Variations]"
Add component (AddParameter): Name = "PackageReference"; Value = "AXIAL-0.3"; VariantName = "[No Variations]"
Add component (AddParameter): Name = "Published"; Value = "8-Jun-2000"; VariantName = "[No Variations]"
Add component (AddParameter): Name = "Publisher"; Value = "Altium Limited"; VariantName = "[No Variations]"
Add component (AddParameter): Name = "Value"; Value = "10K"; VariantName = "[No Variations]"
Added Component: Designator=R43(AXIAL-0.3)
Add component. Clean all parameters for all variants
Add component (AddParameter): Name = "LatestRevisionDate"; Value = "17-Jul-2002"; VariantName = "[No Variations]"
Add component (AddParameter): Name = "LatestRevisionNote"; Value = "Re-released for DXP Platform."; VariantName = "[No Variations]"
Add component (AddParameter): Name = "PackageDescription"; Value = "Axial Device, Thru-Hole; 2 Leads; 0.3 in Pin Spacing"; VariantName = "[No Variations]"
Add component (AddParameter): Name = "PackageReference"; Value = "AXIAL-0.3"; VariantName = "[No Variations]"
Add component (AddParameter): Name = "Published"; Value = "8-Jun-2000"; VariantName = "[No Variations]"
Add component (AddParameter): Name = "Publisher"; Value = "Altium Limited"; VariantName = "[No Variations]"
Add component (AddParameter): Name = "Value"; Value = "100R"; VariantName = "[No Variations]"
Added Component: Designator=R44(AXIAL-0.3)
Add component. Clean all parameters for all variants
Add component (AddParameter): Name = "LatestRevisionDate"; Value = "17-Jul-2002"; VariantName = "[No Variations]"
Add component (AddParameter): Name = "LatestRevisionNote"; Value = "Re-released for DXP Platform."; VariantName = "[No Variations]"
Add component (AddParameter): Name = "PackageDescription"; Value = "Axial Device, Thru-Hole; 2 Leads; 0.3 in Pin Spacing"; VariantName = "[No Variations]"
Add component (AddParameter): Name = "PackageReference"; Value = "AXIAL-0.3"; VariantName = "[No Variations]"
Add component (AddParameter): Name = "Published"; Value = "8-Jun-2000"; VariantName = "[No Variations]"
Add component (AddParameter): Name = "Publisher"; Value = "Altium Limited"; VariantName = "[No Variations]"
Add component (AddParameter): Name = "Value"; Value = "10K"; VariantName = "[No Variations]"
Added Component: Designator=R45(AXIAL-0.3)
Add component. Clean all parameters for all variants
Add component (AddParameter): Name = "LatestRevisionDate"; Value = "17-Jul-2002"; VariantName = "[No Variations]"
Add component (AddParameter): Name = "LatestRevisionNote"; Value = "Re-released for DXP Platform."; VariantName = "[No Variations]"
Add component (AddParameter): Name = "PackageDescription"; Value = "Axial Device, Thru-Hole; 2 Leads; 0.3 in Pin Spacing"; VariantName = "[No Variations]"
Add component (AddParameter): Name = "PackageReference"; Value = "AXIAL-0.3"; VariantName = "[No Variations]"
Add component (AddParameter): Name = "Published"; Value = "8-Jun-2000"; VariantName = "[No Variations]"
Add component (AddParameter): Name = "Publisher"; Value = "Altium Limited"; VariantName = "[No Variations]"
Add component (AddParameter): Name = "Value"; Value = "10K"; VariantName = "[No Variations]"
Added Component: Designator=R46(AXIAL-0.3)
Add component. Clean all parameters for all variants
Add component (AddParameter): Name = "LatestRevisionDate"; Value = "17-Jul-2002"; VariantName = "[No Variations]"
Add component (AddParameter): Name = "LatestRevisionNote"; Value = "Re-released for DXP Platform."; VariantName = "[No Variations]"
Add component (AddParameter): Name = "PackageDescription"; Value = "Axial Device, Thru-Hole; 2 Leads; 0.3 in Pin Spacing"; VariantName = "[No Variations]"
Add component (AddParameter): Name = "PackageReference"; Value = "AXIAL-0.3"; VariantName = "[No Variations]"
Add component (AddParameter): Name = "Published"; Value = "8-Jun-2000"; VariantName = "[No Variations]"
Add component (AddParameter): Name = "Publisher"; Value = "Altium Limited"; VariantName = "[No Variations]"
Add component (AddParameter): Name = "Value"; Value = "100R"; VariantName = "[No Variations]"
Added Component: Designator=R47(AXIAL-0.3)
Add component. Clean all parameters for all variants
Add component (AddParameter): Name = "LatestRevisionDate"; Value = "17-Jul-2002"; VariantName = "[No Variations]"
Add component (AddParameter): Name = "LatestRevisionNote"; Value = "Re-released for DXP Platform."; VariantName = "[No Variations]"
Add component (AddParameter): Name = "PackageDescription"; Value = "Axial Device, Thru-Hole; 2 Leads; 0.3 in Pin Spacing"; VariantName = "[No Variations]"
Add component (AddParameter): Name = "PackageReference"; Value = "AXIAL-0.3"; VariantName = "[No Variations]"
Add component (AddParameter): Name = "Published"; Value = "8-Jun-2000"; VariantName = "[No Variations]"
Add component (AddParameter): Name = "Publisher"; Value = "Altium Limited"; VariantName = "[No Variations]"
Add component (AddParameter): Name = "Value"; Value = "100R"; VariantName = "[No Variations]"
Added Component: Designator=R50(AXIAL-0.3)
Add component. Clean all parameters for all variants
Add component (AddParameter): Name = "LatestRevisionDate"; Value = "17-Jul-2002"; VariantName = "[No Variations]"
Add component (AddParameter): Name = "LatestRevisionNote"; Value = "Re-released for DXP Platform."; VariantName = "[No Variations]"
Add component (AddParameter): Name = "PackageDescription"; Value = "Axial Device, Thru-Hole; 2 Leads; 0.3 in Pin Spacing"; VariantName = "[No Variations]"
Add component (AddParameter): Name = "PackageReference"; Value = "AXIAL-0.3"; VariantName = "[No Variations]"
Add component (AddParameter): Name = "Published"; Value = "8-Jun-2000"; VariantName = "[No Variations]"
Add component (AddParameter): Name = "Publisher"; Value = "Altium Limited"; VariantName = "[No Variations]"
Add component (AddParameter): Name = "Value"; Value = "10K"; VariantName = "[No Variations]"
Added Component: Designator=R51(AXIAL-0.3)
Add component. Clean all parameters for all variants
Add component (AddParameter): Name = "LatestRevisionDate"; Value = "17-Jul-2002"; VariantName = "[No Variations]"
Add component (AddParameter): Name = "LatestRevisionNote"; Value = "Re-released for DXP Platform."; VariantName = "[No Variations]"
Add component (AddParameter): Name = "PackageDescription"; Value = "Axial Device, Thru-Hole; 2 Leads; 0.3 in Pin Spacing"; VariantName = "[No Variations]"
Add component (AddParameter): Name = "PackageReference"; Value = "AXIAL-0.3"; VariantName = "[No Variations]"
Add component (AddParameter): Name = "Published"; Value = "8-Jun-2000"; VariantName = "[No Variations]"
Add component (AddParameter): Name = "Publisher"; Value = "Altium Limited"; VariantName = "[No Variations]"
Add component (AddParameter): Name = "Value"; Value = "DNP"; VariantName = "[No Variations]"
Added Component: Designator=R52(AXIAL-0.3)
Add component. Clean all parameters for all variants
Add component (AddParameter): Name = "LatestRevisionDate"; Value = "17-Jul-2002"; VariantName = "[No Variations]"
Add component (AddParameter): Name = "LatestRevisionNote"; Value = "Re-released for DXP Platform."; VariantName = "[No Variations]"
Add component (AddParameter): Name = "PackageDescription"; Value = "Axial Device, Thru-Hole; 2 Leads; 0.3 in Pin Spacing"; VariantName = "[No Variations]"
Add component (AddParameter): Name = "PackageReference"; Value = "AXIAL-0.3"; VariantName = "[No Variations]"
Add component (AddParameter): Name = "Published"; Value = "8-Jun-2000"; VariantName = "[No Variations]"
Add component (AddParameter): Name = "Publisher"; Value = "Altium Limited"; VariantName = "[No Variations]"
Add component (AddParameter): Name = "Value"; Value = "1K"; VariantName = "[No Variations]"
Added Component: Designator=R53(AXIAL-0.3)
Add component. Clean all parameters for all variants
Add component (AddParameter): Name = "LatestRevisionDate"; Value = "17-Jul-2002"; VariantName = "[No Variations]"
Add component (AddParameter): Name = "LatestRevisionNote"; Value = "Re-released for DXP Platform."; VariantName = "[No Variations]"
Add component (AddParameter): Name = "PackageDescription"; Value = "Axial Device, Thru-Hole; 2 Leads; 0.3 in Pin Spacing"; VariantName = "[No Variations]"
Add component (AddParameter): Name = "PackageReference"; Value = "AXIAL-0.3"; VariantName = "[No Variations]"
Add component (AddParameter): Name = "Published"; Value = "8-Jun-2000"; VariantName = "[No Variations]"
Add component (AddParameter): Name = "Publisher"; Value = "Altium Limited"; VariantName = "[No Variations]"
Add component (AddParameter): Name = "Value"; Value = "10K"; VariantName = "[No Variations]"
Added Component: Designator=R54(AXIAL-0.3)
Add component. Clean all parameters for all variants
Add component (AddParameter): Name = "LatestRevisionDate"; Value = "17-Jul-2002"; VariantName = "[No Variations]"
Add component (AddParameter): Name = "LatestRevisionNote"; Value = "Re-released for DXP Platform."; VariantName = "[No Variations]"
Add component (AddParameter): Name = "PackageDescription"; Value = "Axial Device, Thru-Hole; 2 Leads; 0.3 in Pin Spacing"; VariantName = "[No Variations]"
Add component (AddParameter): Name = "PackageReference"; Value = "AXIAL-0.3"; VariantName = "[No Variations]"
Add component (AddParameter): Name = "Published"; Value = "8-Jun-2000"; VariantName = "[No Variations]"
Add component (AddParameter): Name = "Publisher"; Value = "Altium Limited"; VariantName = "[No Variations]"
Add component (AddParameter): Name = "Value"; Value = "10K"; VariantName = "[No Variations]"
Added Component: Designator=R55(AXIAL-0.3)
Add component. Clean all parameters for all variants
Add component (AddParameter): Name = "LatestRevisionDate"; Value = "17-Jul-2002"; VariantName = "[No Variations]"
Add component (AddParameter): Name = "LatestRevisionNote"; Value = "Re-released for DXP Platform."; VariantName = "[No Variations]"
Add component (AddParameter): Name = "PackageDescription"; Value = "Axial Device, Thru-Hole; 2 Leads; 0.3 in Pin Spacing"; VariantName = "[No Variations]"
Add component (AddParameter): Name = "PackageReference"; Value = "AXIAL-0.3"; VariantName = "[No Variations]"
Add component (AddParameter): Name = "Published"; Value = "8-Jun-2000"; VariantName = "[No Variations]"
Add component (AddParameter): Name = "Publisher"; Value = "Altium Limited"; VariantName = "[No Variations]"
Add component (AddParameter): Name = "Value"; Value = "10K"; VariantName = "[No Variations]"
Added Pin To Net: NetName=GND Pin=C10-1
Added Pin To Net: NetName=Vmot Pin=C11-1
Added Pin To Net: NetName=GND Pin=C13-1
Added Pin To Net: NetName=+3V3 Pin=J5-1
Added Pin To Net: NetName=SLIDE_DAT Pin=J5-2
Added Pin To Net: NetName=SLIDE_CLK Pin=J5-3
Added Pin To Net: NetName=GND Pin=J5-5
Added Pin To Net: NetName=GND Pin=J5-6
Added Pin To Net: NetName=GND Pin=J5-7
Added Pin To Net: NetName=GND Pin=J5-8
Added Pin To Net: NetName=GND Pin=J5-9
Added Pin To Net: NetName=+5 Pin=R25-1
Added Pin To Net: NetName=NetC4_1 Pin=R25-2
Added Pin To Net: NetName=NetC4_1 Pin=R27-1
Added Pin To Net: NetName=SW_1 Pin=R27-2
Added Pin To Net: NetName=NetC5_1 Pin=R30-2
Added Pin To Net: NetName=NetC5_1 Pin=R31-1
Added Pin To Net: NetName=SW_2 Pin=R31-2
Added Pin To Net: NetName=+5 Pin=R36-1
Added Pin To Net: NetName=NetC6_1 Pin=R36-2
Added Pin To Net: NetName=NetC6_1 Pin=R39-1
Added Pin To Net: NetName=SW_3 Pin=R39-2
Added Pin To Net: NetName=+5 Pin=R42-1
Added Pin To Net: NetName=NetC7_1 Pin=R42-2
Added Pin To Net: NetName=NetC7_1 Pin=R43-1
Added Pin To Net: NetName=SW_4 Pin=R43-2
Added Pin To Net: NetName=+5 Pin=R44-1
Added Pin To Net: NetName=NetC8_1 Pin=R44-2
Added Pin To Net: NetName=+5 Pin=R45-1
Added Pin To Net: NetName=NetC9_1 Pin=R45-2
Added Pin To Net: NetName=NetC8_1 Pin=R46-1
Added Pin To Net: NetName=SW_5 Pin=R46-2
Added Pin To Net: NetName=NetC9_1 Pin=R47-1
Added Pin To Net: NetName=SW_6 Pin=R47-2
Added Pin To Net: NetName=+5 Pin=R48-1
Added Pin To Net: NetName=+5 Pin=R49-1
Added Pin To Net: NetName=GND Pin=R51-1
Added Pin To Net: NetName=GND Pin=R52-1
Added Pin To Net: NetName=+5 Pin=R53-1
Added Pin To Net: NetName=+5 Pin=R54-1
Added Pin To Net: NetName=+5 Pin=R55-1
Change Net Name : Old Net Name=NetJ3_D3 New Net Name=NetJ7_D3
Change Net Name : Old Net Name=NetJ3_D4 New Net Name=NetJ7_D4
Change Net Name : Old Net Name=NetR4_1 New Net Name=NetR3_1
Change Net Name : Old Net Name=NetR4_2 New Net Name=NetR3_2
Change Net Name : Old Net Name=NetR6_1 New Net Name=NetR4_1
Change Net Name : Old Net Name=NetR6_2 New Net Name=NetR4_2
Change Net Name : Old Net Name=NetR7_1 New Net Name=NetR5_1
Change Net Name : Old Net Name=NetR7_2 New Net Name=NetR5_2
Change Net Name : Old Net Name=NetR8_1 New Net Name=NetR6_1
Change Net Name : Old Net Name=NetR8_2 New Net Name=NetR6_2
Change Net Name : Old Net Name=NetR10_1 New Net Name=NetR8_1
Change Net Name : Old Net Name=NetR10_2 New Net Name=NetR8_2
Change Net Name : Old Net Name=NetR11_1 New Net Name=NetR9_1
Change Net Name : Old Net Name=NetR11_2 New Net Name=NetR9_2
Change Net Name : Old Net Name=NetR12_1 New Net Name=NetR10_1
Change Net Name : Old Net Name=NetR12_2 New Net Name=NetR10_2
Change Net Name : Old Net Name=NetR13_1 New Net Name=NetR11_1
Change Net Name : Old Net Name=NetR13_2 New Net Name=NetR11_2
Change Net Name : Old Net Name=NetR20_1 New Net Name=NetR14_1
Change Net Name : Old Net Name=NetR20_2 New Net Name=NetR14_2
Change Net Name : Old Net Name=NetR22_1 New Net Name=NetR16_1
Change Net Name : Old Net Name=NetR22_2 New Net Name=NetR16_2
Change Net Name : Old Net Name=NetR23_1 New Net Name=NetR17_1
Change Net Name : Old Net Name=NetR23_2 New Net Name=NetR17_2
Change Net Name : Old Net Name=NetR24_1 New Net Name=NetR18_1
Change Net Name : Old Net Name=NetR24_2 New Net Name=NetR18_2
Change Net Name : Old Net Name=NetR26_1 New Net Name=NetR20_1
Change Net Name : Old Net Name=NetR26_2 New Net Name=NetR20_2
Change Net Name : Old Net Name=NetR27_1 New Net Name=NetR21_1
Change Net Name : Old Net Name=NetR27_2 New Net Name=NetR21_2
Change Net Name : Old Net Name=NetR28_1 New Net Name=NetR22_1
Change Net Name : Old Net Name=NetR28_2 New Net Name=NetR22_2
Change Net Name : Old Net Name=NetR29_1 New Net Name=NetR23_1
Change Net Name : Old Net Name=NetR29_2 New Net Name=NetR23_2
Change Net Name : Old Net Name=NetR37_2 New Net Name=NetR32_2
Change Net Name : Old Net Name=NetR38_2 New Net Name=NetR33_2
Change Net Name : Old Net Name=NetR40_2 New Net Name=NetR34_2
Change Net Name : Old Net Name=NetR41_2 New Net Name=NetR35_2
Added Pin To Net: NetName=M_DISABLE Pin=J7-7
Added Pin To Net: NetName=M_DISABLE Pin=R55-2
Added Net: Name=M_DISABLE
Added Pin To Net: NetName=M_EN/IN1 Pin=J7-8
Added Net: Name=M_EN/IN1
Added Pin To Net: NetName=M_FAULT Pin=J7-12
Added Net: Name=M_FAULT
Added Pin To Net: NetName=M_ISENS Pin=C13-2
Added Pin To Net: NetName=M_ISENS Pin=R50-2
Added Net: Name=M_ISENS
Added Pin To Net: NetName=M_ITRIP Pin=J7-10
Added Pin To Net: NetName=M_ITRIP Pin=R54-2
Added Net: Name=M_ITRIP
Added Pin To Net: NetName=M_OL Pin=J7-11
Added Pin To Net: NetName=M_OL Pin=R53-2
Added Net: Name=M_OL
Added Pin To Net: NetName=M_PH/IN2 Pin=J7-9
Added Net: Name=M_PH/IN2
Added Pin To Net: NetName=M_SLEEP Pin=R48-2
Added Net: Name=M_SLEEP
Added Pin To Net: NetName=NetC10_2 Pin=C10-2
Added Net: Name=NetC10_2
Added Pin To Net: NetName=NetC11_2 Pin=C11-2
Added Net: Name=NetC11_2
Added Pin To Net: NetName=NetC12_1 Pin=C12-1
Added Net: Name=NetC12_1
Added Pin To Net: NetName=NetC12_2 Pin=C12-2
Added Net: Name=NetC12_2
Added Pin To Net: NetName=NetR49_2 Pin=R49-2
Added Pin To Net: NetName=NetR49_2 Pin=R51-2
Added Net: Name=NetR49_2
Added Pin To Net: NetName=NetR50_1 Pin=R50-1
Added Pin To Net: NetName=NetR50_1 Pin=R52-2
Added Net: Name=NetR50_1
Added Member To Class: ClassName=S3_Arduino Member=Component C4 0.1u
Added Member To Class: ClassName=S3_Arduino Member=Component C5 0.1u
Added Member To Class: ClassName=S3_Arduino Member=Component C6 0.1u
Added Member To Class: ClassName=S3_Arduino Member=Component C7 0.1u
Added Member To Class: ClassName=S3_Arduino Member=Component C8 0.1u
Added Member To Class: ClassName=S3_Arduino Member=Component C9 0.1u
Added Member To Class: ClassName=S4_MotorDriver Member=Component C12 CAP 47nF 50V 1206(3216)
Added Member To Class: ClassName=S4_MotorDriver Member=Component C13 CAP 47nF 50V 1206(3216)
Added Member To Class: ClassName=S1_Connections Member=Component J3 PJ-102BH
Added Member To Class: ClassName=S1_Connections Member=Component J4 47589-0001
Added Member To Class: ClassName=S1_Connections Member=Component J5 10033526-N3212LF
Added Member To Class: ClassName=S3_Arduino Member=Component R25 Res1
Added Member To Class: ClassName=S3_Arduino Member=Component R27 Res1
Added Member To Class: ClassName=S3_Arduino Member=Component R30 Res1
Added Member To Class: ClassName=S3_Arduino Member=Component R31 Res1
Added Member To Class: ClassName=S3_Arduino Member=Component R36 Res1
Added Member To Class: ClassName=S3_Arduino Member=Component R39 Res1
Added Member To Class: ClassName=S3_Arduino Member=Component R42 Res1
Added Member To Class: ClassName=S3_Arduino Member=Component R43 Res1
Added Member To Class: ClassName=S3_Arduino Member=Component R44 Res1
Added Member To Class: ClassName=S3_Arduino Member=Component R45 Res1
Added Member To Class: ClassName=S3_Arduino Member=Component R46 Res1
Added Member To Class: ClassName=S3_Arduino Member=Component R47 Res1
Added Member To Class: ClassName=S4_MotorDriver Member=Component R50 Res1
Added Member To Class: ClassName=S4_MotorDriver Member=Component R51 Res1
Added Member To Class: ClassName=S4_MotorDriver Member=Component R52 Res1
Added Member To Class: ClassName=S4_MotorDriver Member=Component R53 Res1
Added Member To Class: ClassName=S4_MotorDriver Member=Component R54 Res1
Added Member To Class: ClassName=S4_MotorDriver Member=Component R55 Res1
Added Member To Class: ClassName=S3_Arduino Member=Component SW1 B3F-1000
Added Member To Class: ClassName=S3_Arduino Member=Component SW2 B3F-1000
Added Member To Class: ClassName=S3_Arduino Member=Component SW3 B3F-1000
Added Member To Class: ClassName=S3_Arduino Member=Component SW4 B3F-1000
Added Member To Class: ClassName=S3_Arduino Member=Component SW5 B3F-1000
Added Member To Class: ClassName=S3_Arduino Member=Component SW6 B3F-1000
Added Room: Name=S1_Connections
Added Room: Name=S2_UserInterface
Added Room: Name=S3_Arduino
Added Room: Name=S4_MotorDriver
