Removed Pin From Net: NetName=+5 Pin=X4-4
Removed Pin From Net: NetName=M_DISABLE Pin=X4-5
Removed Pin From Net: NetName=M_ITRIP Pin=X4-6
Removed Pin From Net: NetName=M_EN/IN1 Pin=X4-8
Removed Pin From Net: NetName=M_SLEEP Pin=X4-9
Removed Pin From Net: NetName=M_PH/IN2 Pin=X4-11
Removed Pin From Net: NetName=NetC11_2 Pin=X4-22
Removed Pin From Net: NetName=NetC12_2 Pin=X4-23
Change Component Footprint: Designator=SW1 Old Footprint=OMRON-B3F-1000-4_V New Footprint=TacSwitch
Change Component Footprint: Designator=SW2 Old Footprint=OMRON-B3F-1000-4_V New Footprint=TacSwitch
Change Component Footprint: Designator=SW3 Old Footprint=OMRON-B3F-1000-4_V New Footprint=TacSwitch
Change Component Footprint: Designator=SW4 Old Footprint=OMRON-B3F-1000-4_V New Footprint=TacSwitch
Change Component Footprint: Designator=SW5 Old Footprint=OMRON-B3F-1000-4_V New Footprint=TacSwitch
Change Component Footprint: Designator=SW6 Old Footprint=OMRON-B3F-1000-4_V New Footprint=TacSwitch
Change Component Comment : Designator=SW1 Old Comment=B3F-1000 New Comment=Tac Switch
Change Component Comment : Designator=SW2 Old Comment=B3F-1000 New Comment=Tac Switch
Change Component Comment : Designator=SW3 Old Comment=B3F-1000 New Comment=Tac Switch
Change Component Comment : Designator=SW4 Old Comment=B3F-1000 New Comment=Tac Switch
Change Component Comment : Designator=SW5 Old Comment=B3F-1000 New Comment=Tac Switch
Change Component Comment : Designator=SW6 Old Comment=B3F-1000 New Comment=Tac Switch
Change component parameters: Designator = "SW1"; Footprint = "TacSwitch"; UniqueID = "\JOCVKOPW"
Change component parameters. Clean all parameters for all variants
Change component parameters: Designator = "SW2"; Footprint = "TacSwitch"; UniqueID = "\IBCGURFC"
Change component parameters. Clean all parameters for all variants
Change component parameters: Designator = "SW3"; Footprint = "TacSwitch"; UniqueID = "\OPDEQVBR"
Change component parameters. Clean all parameters for all variants
Change component parameters: Designator = "SW4"; Footprint = "TacSwitch"; UniqueID = "\NHUFXJSK"
Change component parameters. Clean all parameters for all variants
Change component parameters: Designator = "SW5"; Footprint = "TacSwitch"; UniqueID = "\UJCKQLIX"
Change component parameters. Clean all parameters for all variants
Change component parameters: Designator = "SW6"; Footprint = "TacSwitch"; UniqueID = "\SOWEKKPQ"
Change component parameters. Clean all parameters for all variants
Added Pin To Net: NetName=M_DISABLE Pin=X4-2
Added Pin To Net: NetName=+5 Pin=X4-3
Added Pin To Net: NetName=NetR49_1 Pin=X4-4
Added Pin To Net: NetName=M_ITRIP Pin=X4-5
Added Pin To Net: NetName=M_OL Pin=X4-6
Added Pin To Net: NetName=M_EN/IN1 Pin=X4-7
Added Pin To Net: NetName=M_PH/IN2 Pin=X4-8
Added Pin To Net: NetName=M_FAULT Pin=X4-9
Added Pin To Net: NetName=NetR50_2 Pin=X4-10
Added Pin To Net: NetName=M_SLEEP Pin=X4-11
Added Pin To Net: NetName=VM- Pin=X4-15
Added Pin To Net: NetName=GND Pin=X4-17
Added Pin To Net: NetName=VM+ Pin=X4-19
Added Pin To Net: NetName=Vmot Pin=X4-20
Added Pin To Net: NetName=NetC11_2 Pin=X4-21
Added Pin To Net: NetName=NetC12_2 Pin=X4-22
Added Pin To Net: NetName=GND Pin=X4-24
Added Pin To Net: NetName=NetC12_1 Pin=C12-1
Added Pin To Net: NetName=NetC12_1 Pin=X4-23
Added Net: Name=NetC12_1
Added Room: Name=S1_Connections
Added Room: Name=S2_UserInterface
Added Room: Name=S3_Arduino
Added Room: Name=S4_MotorDriver
